<?xml version="1.0" encoding="UTF-8"?>
<coverage generated="1548985259906" clover="3.2.0">
  <project timestamp="1548985259906" name="All files">
    <metrics statements="70" coveredstatements="37" conditionals="37" coveredconditionals="8" methods="31" coveredmethods="14" elements="138" coveredelements="59" complexity="0" loc="70" ncloc="70" packages="2" files="9" classes="9">
      <package name="src">
        <metrics statements="34" coveredstatements="3" conditionals="29" coveredconditionals="0" methods="20" coveredmethods="3"/>
        <file name="App.js" path="/Users/patrickmclennan/Documents/jesting/src/App.js">
          <metrics statements="10" coveredstatements="0" conditionals="4" coveredconditionals="0" methods="2" coveredmethods="0"/>
          <line num="1" count="0" type="stmt"/>
          <line num="2" count="0" type="stmt"/>
          <line num="3" count="0" type="stmt"/>
          <line num="4" count="0" type="stmt"/>
          <line num="5" count="0" type="stmt"/>
          <line num="7" count="0" type="stmt"/>
          <line num="8" count="0" type="cond" truecount="0" falsecount="4"/>
          <line num="10" count="0" type="stmt"/>
          <line num="11" count="0" type="stmt"/>
          <line num="20" count="0" type="stmt"/>
        </file>
        <file name="Counter.js" path="/Users/patrickmclennan/Documents/jesting/src/Counter.js">
          <metrics statements="3" coveredstatements="3" conditionals="0" coveredconditionals="0" methods="3" coveredmethods="3"/>
          <line num="9" count="2" type="stmt"/>
          <line num="15" count="3" type="stmt"/>
          <line num="16" count="3" type="stmt"/>
        </file>
        <file name="index.js" path="/Users/patrickmclennan/Documents/jesting/src/index.js">
          <metrics statements="7" coveredstatements="0" conditionals="4" coveredconditionals="0" methods="1" coveredmethods="0"/>
          <line num="1" count="0" type="stmt"/>
          <line num="2" count="0" type="stmt"/>
          <line num="3" count="0" type="stmt"/>
          <line num="4" count="0" type="stmt"/>
          <line num="5" count="0" type="cond" truecount="0" falsecount="4"/>
          <line num="7" count="0" type="stmt"/>
          <line num="8" count="0" type="stmt"/>
        </file>
        <file name="registerServiceWorker.js" path="/Users/patrickmclennan/Documents/jesting/src/registerServiceWorker.js">
          <metrics statements="14" coveredstatements="0" conditionals="21" coveredconditionals="0" methods="14" coveredmethods="0"/>
          <line num="1" count="0" type="stmt"/>
          <line num="21" count="0" type="stmt"/>
          <line num="109" count="0" type="cond" truecount="0" falsecount="3"/>
          <line num="111" count="0" type="cond" truecount="0" falsecount="4"/>
          <line num="112" count="0" type="cond" truecount="0" falsecount="2"/>
          <line num="115" count="0" type="cond" truecount="0" falsecount="2"/>
          <line num="116" count="0" type="stmt"/>
          <line num="117" count="0" type="cond" truecount="0" falsecount="4"/>
          <line num="121" count="0" type="stmt"/>
          <line num="124" count="0" type="stmt"/>
          <line num="125" count="0" type="stmt"/>
          <line num="126" count="0" type="cond" truecount="0" falsecount="4"/>
          <line num="127" count="0" type="stmt"/>
          <line num="128" count="0" type="cond" truecount="0" falsecount="2"/>
        </file>
      </package>
      <package name="src.movies">
        <metrics statements="36" coveredstatements="34" conditionals="8" coveredconditionals="8" methods="11" coveredmethods="11"/>
        <file name="Movie.js" path="/Users/patrickmclennan/Documents/jesting/src/movies/Movie.js">
          <metrics statements="6" coveredstatements="6" conditionals="2" coveredconditionals="2" methods="1" coveredmethods="1"/>
          <line num="7" count="3" type="stmt"/>
          <line num="9" count="3" type="stmt"/>
          <line num="10" count="5" type="cond" truecount="2" falsecount="0"/>
          <line num="11" count="4" type="stmt"/>
          <line num="26" count="3" type="stmt"/>
          <line num="34" count="3" type="stmt"/>
        </file>
        <file name="MovieDetail.js" path="/Users/patrickmclennan/Documents/jesting/src/movies/MovieDetail.js">
          <metrics statements="13" coveredstatements="12" conditionals="2" coveredconditionals="2" methods="3" coveredmethods="3"/>
          <line num="7" count="1" type="stmt"/>
          <line num="8" count="1" type="stmt"/>
          <line num="16" count="1" type="stmt"/>
          <line num="17" count="1" type="stmt"/>
          <line num="22" count="1" type="stmt"/>
          <line num="23" count="1" type="stmt"/>
          <line num="27" count="0" type="stmt"/>
          <line num="32" count="2" type="stmt"/>
          <line num="33" count="2" type="cond" truecount="2" falsecount="0"/>
          <line num="35" count="1" type="stmt"/>
          <line num="57" count="1" type="stmt"/>
          <line num="60" count="1" type="stmt"/>
          <line num="64" count="1" type="stmt"/>
        </file>
        <file name="MovieForm.js" path="/Users/patrickmclennan/Documents/jesting/src/movies/MovieForm.js">
          <metrics statements="5" coveredstatements="5" conditionals="0" coveredconditionals="0" methods="3" coveredmethods="3"/>
          <line num="8" count="3" type="stmt"/>
          <line num="9" count="3" type="stmt"/>
          <line num="10" count="3" type="stmt"/>
          <line num="14" count="1" type="stmt"/>
          <line num="23" count="1" type="stmt"/>
        </file>
        <file name="MoviesList.js" path="/Users/patrickmclennan/Documents/jesting/src/movies/MoviesList.js">
          <metrics statements="11" coveredstatements="10" conditionals="4" coveredconditionals="4" methods="3" coveredmethods="3"/>
          <line num="12" count="2" type="stmt"/>
          <line num="13" count="2" type="stmt"/>
          <line num="16" count="2" type="stmt"/>
          <line num="17" count="2" type="cond" truecount="2" falsecount="0"/>
          <line num="18" count="1" type="stmt"/>
          <line num="23" count="0" type="stmt"/>
          <line num="28" count="3" type="stmt"/>
          <line num="29" count="3" type="cond" truecount="2" falsecount="0"/>
          <line num="30" count="1" type="stmt"/>
          <line num="33" count="3" type="stmt"/>
          <line num="42" count="1" type="stmt"/>
        </file>
        <file name="NewMovie.js" path="/Users/patrickmclennan/Documents/jesting/src/movies/NewMovie.js">
          <metrics statements="1" coveredstatements="1" conditionals="0" coveredconditionals="0" methods="1" coveredmethods="1"/>
          <line num="6" count="1" type="stmt"/>
        </file>
      </package>
    </metrics>
  </project>
</coverage>
