TN:
SF:/Users/patrickmclennan/Documents/jesting/src/App.js
FN:8,_interopRequireDefault
FN:10,(anonymous_1)
FNF:2
FNH:0
FNDA:0,_interopRequireDefault
FNDA:0,(anonymous_1)
DA:1,0
DA:2,0
DA:3,0
DA:4,0
DA:5,0
DA:7,0
DA:8,0
DA:10,0
DA:11,0
DA:20,0
LF:10
LH:0
BRDA:8,0,0,0
BRDA:8,0,1,0
BRDA:8,1,0,0
BRDA:8,1,1,0
BRF:4
BRH:0
end_of_record
TN:
SF:/Users/patrickmclennan/Documents/jesting/src/Counter.js
FN:8,(anonymous_0)
FN:9,(anonymous_1)
FN:14,(anonymous_2)
FNF:3
FNH:3
FNDA:2,(anonymous_0)
FNDA:2,(anonymous_1)
FNDA:3,(anonymous_2)
DA:9,2
DA:15,3
DA:16,3
LF:3
LH:3
BRF:0
BRH:0
end_of_record
TN:
SF:/Users/patrickmclennan/Documents/jesting/src/index.js
FN:5,_interopRequireDefault
FNF:1
FNH:0
FNDA:0,_interopRequireDefault
DA:1,0
DA:2,0
DA:3,0
DA:4,0
DA:5,0
DA:7,0
DA:8,0
LF:7
LH:0
BRDA:5,0,0,0
BRDA:5,0,1,0
BRDA:5,1,0,0
BRDA:5,1,1,0
BRF:4
BRH:0
end_of_record
TN:
SF:/Users/patrickmclennan/Documents/jesting/src/registerServiceWorker.js
FN:111,register
FN:115,(anonymous_1)
FN:117,registerValidSW
FN:117,(anonymous_3)
FN:117,(anonymous_4)
FN:117,(anonymous_5)
FN:124,(anonymous_6)
FN:124,checkValidServiceWorker
FN:125,(anonymous_8)
FN:127,(anonymous_9)
FN:127,(anonymous_10)
FN:128,(anonymous_11)
FN:128,unregister
FN:128,(anonymous_13)
FNF:14
FNH:0
FNDA:0,register
FNDA:0,(anonymous_1)
FNDA:0,registerValidSW
FNDA:0,(anonymous_3)
FNDA:0,(anonymous_4)
FNDA:0,(anonymous_5)
FNDA:0,(anonymous_6)
FNDA:0,checkValidServiceWorker
FNDA:0,(anonymous_8)
FNDA:0,(anonymous_9)
FNDA:0,(anonymous_10)
FNDA:0,(anonymous_11)
FNDA:0,unregister
FNDA:0,(anonymous_13)
DA:1,0
DA:21,0
DA:109,0
DA:111,0
DA:112,0
DA:115,0
DA:116,0
DA:117,0
DA:121,0
DA:124,0
DA:125,0
DA:126,0
DA:127,0
DA:128,0
LF:14
LH:0
BRDA:109,0,0,0
BRDA:109,0,1,0
BRDA:109,0,2,0
BRDA:111,1,0,0
BRDA:111,1,1,0
BRDA:111,2,0,0
BRDA:111,2,1,0
BRDA:112,3,0,0
BRDA:112,3,1,0
BRDA:115,4,0,0
BRDA:115,4,1,0
BRDA:117,5,0,0
BRDA:117,5,1,0
BRDA:117,6,0,0
BRDA:117,6,1,0
BRDA:126,7,0,0
BRDA:126,7,1,0
BRDA:126,8,0,0
BRDA:126,8,1,0
BRDA:128,9,0,0
BRDA:128,9,1,0
BRF:21
BRH:0
end_of_record
TN:
SF:/Users/patrickmclennan/Documents/jesting/src/movies/Movie.js
FN:9,(anonymous_0)
FNF:1
FNH:1
FNDA:5,(anonymous_0)
DA:7,3
DA:9,3
DA:10,5
DA:11,4
DA:26,3
DA:34,3
LF:6
LH:6
BRDA:10,0,0,1
BRDA:10,0,1,4
BRF:2
BRH:2
end_of_record
TN:
SF:/Users/patrickmclennan/Documents/jesting/src/movies/MovieDetail.js
FN:15,(anonymous_0)
FN:31,(anonymous_1)
FN:60,(anonymous_2)
FNF:3
FNH:3
FNDA:1,(anonymous_0)
FNDA:2,(anonymous_1)
FNDA:1,(anonymous_2)
DA:7,1
DA:8,1
DA:16,1
DA:17,1
DA:22,1
DA:23,1
DA:27,0
DA:32,2
DA:33,2
DA:35,1
DA:57,1
DA:60,1
DA:64,1
LF:13
LH:12
BRDA:33,0,0,1
BRDA:33,0,1,1
BRF:2
BRH:2
end_of_record
TN:
SF:/Users/patrickmclennan/Documents/jesting/src/movies/MovieForm.js
FN:7,(anonymous_0)
FN:13,(anonymous_1)
FN:23,(anonymous_2)
FNF:3
FNH:3
FNDA:3,(anonymous_0)
FNDA:1,(anonymous_1)
FNDA:1,(anonymous_2)
DA:8,3
DA:9,3
DA:10,3
DA:14,1
DA:23,1
LF:5
LH:5
BRF:0
BRH:0
end_of_record
TN:
SF:/Users/patrickmclennan/Documents/jesting/src/movies/MoviesList.js
FN:11,(anonymous_0)
FN:27,(anonymous_1)
FN:32,(anonymous_2)
FNF:3
FNH:3
FNDA:2,(anonymous_0)
FNDA:3,(anonymous_1)
FNDA:3,(anonymous_2)
DA:12,2
DA:13,2
DA:16,2
DA:17,2
DA:18,1
DA:23,0
DA:28,3
DA:29,3
DA:30,1
DA:33,3
DA:42,1
LF:11
LH:10
BRDA:17,0,0,1
BRDA:17,0,1,1
BRDA:29,1,0,2
BRDA:29,1,1,1
BRF:4
BRH:4
end_of_record
TN:
SF:/Users/patrickmclennan/Documents/jesting/src/movies/NewMovie.js
FN:5,(anonymous_0)
FNF:1
FNH:1
FNDA:1,(anonymous_0)
DA:6,1
LF:1
LH:1
BRF:0
BRH:0
end_of_record
